<?xml version="1.0" encoding="UTF-8"?>
<!-- Generated by org.testng.reporters.JUnitReportReporter -->
<testsuite hostname="LAPTOP-EEBKPBG9" failures="0" tests="14" name="tests.LoginPageTest" time="27.715" errors="0" timestamp="2024-07-28T16:09:52 IST" skipped="0">
  <testcase classname="tests.LoginPageTest" name="verifyLoginFunctionality" time="6.586"/>
  <testcase classname="tests.LoginPageTest" name="verifyLogo" time="1.409"/>
  <testcase classname="tests.LoginPageTest" name="verifyLoginFunctionality" time="1.580"/>
  <testcase classname="tests.LoginPageTest" name="verifyLoginFunctionality" time="1.482"/>
  <testcase classname="tests.LoginPageTest" name="testCheckoutProcess" time="2.683"/>
  <testcase classname="tests.LoginPageTest" name="verifyURL" time="1.377"/>
  <testcase classname="tests.LoginPageTest" name="testProductAdditionToCart" time="1.834"/>
  <testcase classname="tests.LoginPageTest" name="verifyLoginFunctionality" time="1.592"/>
  <testcase classname="tests.LoginPageTest" name="verifyLoginFunctionality" time="1.561"/>
  <testcase classname="tests.LoginPageTest" name="verifyPageTitle" time="1.327"/>
  <testcase classname="tests.LoginPageTest" name="verifyLoginFunctionality" time="1.556"/>
  <testcase classname="tests.LoginPageTest" name="verifyLoginFunctionality" time="1.585"/>
  <testcase classname="tests.LoginPageTest" name="verifyLoginFunctionality" time="1.520"/>
  <testcase classname="tests.LoginPageTest" name="verifyLoginFunctionality" time="1.623"/>
</testsuite> <!-- tests.LoginPageTest -->
