<?xml version="1.0" encoding="UTF-8"?>
<!-- Generated by org.testng.reporters.JUnitReportReporter -->
<testsuite hostname="LAPTOP-EEBKPBG9" failures="0" tests="2" name="tests.ProductTests" time="7.593" errors="0" timestamp="2024-07-28T14:43:59 IST" skipped="0">
  <testcase classname="tests.ProductTests" name="testProductAdditionToCart" time="4.980"/>
  <testcase classname="tests.ProductTests" name="testCheckoutProcess" time="2.613"/>
</testsuite> <!-- tests.ProductTests -->
